
[0;36m[1m── MasterRepo — Build All  [20260321_072254] ──[0m

[0;32m[build_all][0m Repo root : /c/GIT PROJECTS/MasterRepo
[0;32m[build_all][0m Debug dir : /c/GIT PROJECTS/MasterRepo/Builds/debug
[0;32m[build_all][0m Release dir: /c/GIT PROJECTS/MasterRepo/Builds/release
[0;32m[build_all][0m Log file  : /c/GIT PROJECTS/MasterRepo/Logs/Build/build_all_20260321_072254.log
[0;32m[build_all][0m Jobs      : 8

[0;36m[1m── Environment ──[0m

[0;32m[build_all][0m   cmake: cmake version 4.2.3
[1;33m[build_all][0m   No C++ compiler found in PATH ($CXX / g++ / clang++ / c++ / gcc / cc / cl).
[1;33m[build_all][0m   CMake will attempt its own compiler detection — configure may fail if none is installed.

[0;36m[1m── Debug (Debug) ──[0m

[0;32m[build_all][0m CMake configure → /c/GIT PROJECTS/MasterRepo/Builds/debug
-- Selecting Windows SDK version 10.0.26100.0 to target Windows 10.0.19045.
--   VersionLib configured
--   UILib configured
--   EditorLib configured with C:/GIT PROJECTS/MasterRepo/Editor
--   PCGLib configured with C:/GIT PROJECTS/MasterRepo/PCG
--   IDELib configured with C:/GIT PROJECTS/MasterRepo/IDE
--   ToolsLib configured with C:/GIT PROJECTS/MasterRepo/Tools
--   NovaForge game configured
-- 
-- === MasterRepo v0.1.0 ===
--   Build type:    Debug
--   Editor:        ON
--   Runtime:       ON
--   AI:            ON
--   Tools:         ON
--   Tests:         OFF
-- 
-- Configuring done (0.0s)
-- Generating done (0.5s)
-- Build files have been written to: C:/GIT PROJECTS/MasterRepo/Builds/Debug
[0;32m[build_all][0m CMake build → /c/GIT PROJECTS/MasterRepo/Builds/debug
MSBuild version 17.14.40+3e7442088 for .NET Framework

  1>Checking Build System
  Building Custom Rule C:/GIT PROJECTS/MasterRepo/AI/CMakeLists.txt
  LLMBackend.cpp
  Building Custom Rule C:/GIT PROJECTS/MasterRepo/Core/CMakeLists.txt
  Building Custom Rule C:/GIT PROJECTS/MasterRepo/UI/CMakeLists.txt
  Building Custom Rule C:/GIT PROJECTS/MasterRepo/Runtime/CMakeLists.txt
  Building Custom Rule C:/GIT PROJECTS/MasterRepo/Engine/CMakeLists.txt
  Building Custom Rule C:/GIT PROJECTS/MasterRepo/Builder/CMakeLists.txt
  Building Custom Rule C:/GIT PROJECTS/MasterRepo/PCG/CMakeLists.txt
  Building Custom Rule C:/GIT PROJECTS/MasterRepo/IDE/CMakeLists.txt
  Building Custom Rule C:/GIT PROJECTS/MasterRepo/Tools/CMakeLists.txt
  Widget.cpp
  EventBus.cpp
  ECS.cpp
  Building Custom Rule C:/GIT PROJECTS/MasterRepo/Versions/CMakeLists.txt
  PartDef.cpp
  PCGRule.cpp
  CodeEditor.cpp
  Engine.cpp
  AssetImporter.cpp
  ModelManager.cpp
  Theme.cpp
  MessageBus.cpp
  Logger.cpp
  System.cpp
  AIChat.cpp
  ModuleDef.cpp
  ProjectContext.cpp
  MeshNode.cpp
  VersionManager.cpp
  RuntimeBootstrap.cpp
  Layout.cpp
  DeltaEditStore.cpp
  BuildQueue.cpp
  AssetProcessor.cpp
  MemoryStore.cpp
  LODGraph.cpp
  Assembly.cpp
  InputManager.cpp
  IDEConsole.cpp
  HeightField.cpp
  UIAnimation.cpp
  TypeInfo.cpp
  SnapRules.cpp
  WorldNode.cpp
  PhysicsWorld.cpp
  Serializer.cpp
  CubeSphereLayout.cpp
  BuildAutomation.cpp
  Localization.cpp
  CollisionShape.cpp
  Camera.cpp
  Debugger.cpp
  VoxelGridLayout.cpp
  EmbeddingEngine.cpp
  TextureNode.cpp
  SceneManager.cpp
  AudioEngine.cpp
  PhysicsData.cpp
  LSPClient.cpp
  TaskSystem.cpp
  Accessibility.cpp
  PartDamage.cpp
  VersionLib.vcxproj -> C:\GIT PROJECTS\MasterRepo\Builds\Debug\lib\Debug\VersionLib.lib
  AudioPipeline.cpp
  AudioGenerator.cpp
  ServerManager.cpp
  Systems.cpp
  GUISystem.cpp
  BuildAuditLog.cpp
  AgentScheduler.cpp
  AnimationGraph.cpp
  NLAssistant.cpp
  CommandSystem.cpp
  PlayerController.cpp
  QuestGenerator.cpp
  Generating Code...
  Generating Code...
  ErrorLearning.cpp
  GameStateManager.cpp
  AnimationNodes.cpp
  Inventory.cpp
  PCGValidator.cpp
  BuilderLib.vcxproj -> C:\GIT PROJECTS\MasterRepo\Builds\Debug\lib\Debug\BuilderLib.lib
  UILib.vcxproj -> C:\GIT PROJECTS\MasterRepo\Builds\Debug\lib\Debug\UILib.lib
  InteractiveDocs.cpp
  Building Custom Rule C:/GIT PROJECTS/MasterRepo/Editor/CMakeLists.txt
  ReplayTimeline.cpp
  ResourceManager.cpp
  EditorCommandBus.cpp
  Equipment.cpp
  AnimationPipeline.cpp
  PluginSystem.cpp
  NoiseGenerator.cpp
  CodeLearning.cpp
  Crafting.cpp
  LayerTagSystem.cpp
  GitPanel.cpp
  Generating Code...
C:\GIT PROJECTS\MasterRepo\IDE\InteractiveDocs\InteractiveDocs.cpp(159,22): error C3861: 'popen': identifier not found [C:\GIT PROJECTS\MasterRepo\Builds\Debug\IDE\IDELib.vcxproj]
C:\GIT PROJECTS\MasterRepo\IDE\InteractiveDocs\InteractiveDocs.cpp(164,13): error C3861: 'pclose': identifier not found [C:\GIT PROJECTS\MasterRepo\Builds\Debug\IDE\IDELib.vcxproj]
  TickScheduler.cpp
  PCGPipeline.cpp
C:\Program Files\Microsoft Visual Studio\2022\Community\VC\Tools\MSVC\14.38.33130\include\xutility(241,54): error C2280: 'std::unique_ptr<Engine::Animation::ProceduralLayer,std::default_delete<Engine::Animation::ProceduralLayer>>::unique_ptr(const std::unique_ptr<Engine::Animation::ProceduralLayer,std::default_delete<Engine::Animation::ProceduralLayer>> &)': attempting to reference a deleted function [C:\GIT PROJECTS\MasterRepo\Builds\Debug\Engine\AtlasEngine.vcxproj]
  ArchiveSystem.cpp
  (compiling source file '../../../Engine/Animation/AnimationPipeline.cpp')
      C:\Program Files\Microsoft Visual Studio\2022\Community\VC\Tools\MSVC\14.38.33130\include\memory(3319,5):
      see declaration of 'std::unique_ptr<Engine::Animation::ProceduralLayer,std::default_delete<Engine::Animation::ProceduralLayer>>::unique_ptr'
      C:\Program Files\Microsoft Visual Studio\2022\Community\VC\Tools\MSVC\14.38.33130\include\memory(3319,5):
      'std::unique_ptr<Engine::Animation::ProceduralLayer,std::default_delete<Engine::Animation::ProceduralLayer>>::unique_ptr(const std::unique_ptr<Engine::Animation::ProceduralLayer,std::default_delete<Engine::Animation::ProceduralLayer>> &)': function was explicitly deleted
      C:\Program Files\Microsoft Visual Studio\2022\Community\VC\Tools\MSVC\14.38.33130\include\xutility(241,54):
      the template instantiation context (the oldest one first) is
          C:\GIT PROJECTS\MasterRepo\Engine\Animation\AnimationPipeline.h(231,55):
          see reference to class template instantiation 'std::vector<std::unique_ptr<Engine::Animation::ProceduralLayer,std::default_delete<Engine::Animation::ProceduralLayer>>,std::allocator<std::unique_ptr<Engine::Animation::ProceduralLayer,std::default_delete<Engine::Animation::ProceduralLayer>>>>' being compiled
          C:\Program Files\Microsoft Visual Studio\2022\Community\VC\Tools\MSVC\14.38.33130\include\vector(680,5):
          while compiling class template member function 'std::vector<std::unique_ptr<Engine::Animation::ProceduralLayer,std::default_delete<Engine::Animation::ProceduralLayer>>,std::allocator<std::unique_ptr<Engine::Animation::ProceduralLayer,std::default_delete<Engine::Animation::ProceduralLayer>>>>::vector(const std::vector<std::unique_ptr<Engine::Animation::ProceduralLayer,std::default_delete<Engine::Animation::ProceduralLayer>>,std::allocator<std::unique_ptr<Engine::Animation::ProceduralLayer,std::default_delete<Engine::Animation::ProceduralLayer>>>> &)'
              C:\GIT PROJECTS\MasterRepo\Engine\Animation\AnimationPipeline.h(240,5):
              see the first reference to 'std::vector<std::unique_ptr<Engine::Animation::ProceduralLayer,std::default_delete<Engine::Animation::ProceduralLayer>>,std::allocator<std::unique_ptr<Engine::Animation::ProceduralLayer,std::default_delete<Engine::Animation::ProceduralLayer>>>>::vector' in 'Engine::Animation::AnimationPipeline::SkeletonState::SkeletonState'
          C:\Program Files\Microsoft Visual Studio\2022\Community\VC\Tools\MSVC\14.38.33130\include\vector(684,9):
          see reference to function template instantiation 'void std::vector<std::unique_ptr<Engine::Animation::ProceduralLayer,std::default_delete<Engine::Animation::ProceduralLayer>>,std::allocator<std::unique_ptr<Engine::Animation::ProceduralLayer,std::default_delete<Engine::Animation::ProceduralLayer>>>>::_Construct_n<std::unique_ptr<Engine::Animation::ProceduralLayer,std::default_delete<Engine::Animation::ProceduralLayer>>*const &,std::unique_ptr<Engine::Animation::ProceduralLayer,std::default_delete<Engine::Animation::ProceduralLayer>>*const &>(const unsigned __int64,std::unique_ptr<Engine::Animation::ProceduralLayer,std::default_delete<Engine::Animation::ProceduralLayer>> *const &,std::unique_ptr<Engine::Animation::ProceduralLayer,std::default_delete<Engine::Animation::ProceduralLayer>> *const &)' being compiled
          C:\Program Files\Microsoft Visual Studio\2022\Community\VC\Tools\MSVC\14.38.33130\include\vector(2082,36):
          see reference to function template instantiation 'std::unique_ptr<Engine::Animation::ProceduralLayer,std::default_delete<Engine::Animation::ProceduralLayer>> *std::_Uninitialized_copy<std::unique_ptr<Engine::Animation::ProceduralLayer,std::default_delete<Engine::Animation::ProceduralLayer>>*,std::unique_ptr<Engine::Animation::ProceduralLayer,std::default_delete<Engine::Animation::ProceduralLayer>>*,std::allocator<std::unique_ptr<Engine::Animation::ProceduralLayer,std::default_delete<Engine::Animation::ProceduralLayer>>>>(_InIt,_Se,std::unique_ptr<Engine::Animation::ProceduralLayer,std::default_delete<Engine::Animation::ProceduralLayer>> *,_Alloc &)' being compiled
          with
          [
              _InIt=std::unique_ptr<Engine::Animation::ProceduralLayer,std::default_delete<Engine::Animation::ProceduralLayer>> *,
              _Se=std::unique_ptr<Engine::Animation::ProceduralLayer,std::default_delete<Engine::Animation::ProceduralLayer>> *,
              _Alloc=std::allocator<std::unique_ptr<Engine::Animation::ProceduralLayer,std::default_delete<Engine::Animation::ProceduralLayer>>>
          ]
          C:\Program Files\Microsoft Visual Studio\2022\Community\VC\Tools\MSVC\14.38.33130\include\xmemory(1855,17):
          see reference to function template instantiation 'void std::_Uninitialized_backout_al<std::allocator<std::unique_ptr<Engine::Animation::ProceduralLayer,std::default_delete<Engine::Animation::ProceduralLayer>>>>::_Emplace_back<std::unique_ptr<Engine::Animation::ProceduralLayer,std::default_delete<Engine::Animation::ProceduralLayer>>&>(std::unique_ptr<Engine::Animation::ProceduralLayer,std::default_delete<Engine::Animation::ProceduralLayer>> &)' being compiled
          C:\Program Files\Microsoft Visual Studio\2022\Community\VC\Tools\MSVC\14.38.33130\include\xmemory(1801,35):
          see reference to function template instantiation 'void std::_Default_allocator_traits<_Alloc>::construct<_Ty,std::unique_ptr<Engine::Animation::ProceduralLayer,std::default_delete<Engine::Animation::ProceduralLayer>>&>(_Alloc &,_Objty *const ,std::unique_ptr<Engine::Animation::ProceduralLayer,std::default_delete<Engine::Animation::ProceduralLayer>> &)' being compiled
          with
          [
              _Alloc=std::allocator<std::unique_ptr<Engine::Animation::ProceduralLayer,std::default_delete<Engine::Animation::ProceduralLayer>>>,
              _Ty=std::unique_ptr<Engine::Animation::ProceduralLayer,std::default_delete<Engine::Animation::ProceduralLayer>>,
              _Objty=std::unique_ptr<Engine::Animation::ProceduralLayer,std::default_delete<Engine::Animation::ProceduralLayer>>
          ]
          C:\Program Files\Microsoft Visual Studio\2022\Community\VC\Tools\MSVC\14.38.33130\include\xmemory(721,14):
          see reference to function template instantiation '_Ty *std::construct_at<_Objty,std::unique_ptr<Engine::Animation::ProceduralLayer,std::default_delete<Engine::Animation::ProceduralLayer>>&,0x0>(_Ty *const ,std::unique_ptr<Engine::Animation::ProceduralLayer,std::default_delete<Engine::Animation::ProceduralLayer>> &) noexcept(<expr>)' being compiled
          with
          [
              _Ty=std::unique_ptr<Engine::Animation::ProceduralLayer,std::default_delete<Engine::Animation::ProceduralLayer>>,
              _Objty=std::unique_ptr<Engine::Animation::ProceduralLayer,std::default_delete<Engine::Animation::ProceduralLayer>>
          ]
  
  Damage.cpp
  InspectorTools.cpp
  Window.cpp
C:\GIT PROJECTS\MasterRepo\PCG\Pipeline\PCGPipeline.h(50,25): error C2079: 'PCG::GeneratedModule::position' uses undefined class 'std::array<float,3>' [C:\GIT PROJECTS\MasterRepo\Builds\Debug\PCG\PCGLib.vcxproj]
  (compiling source file '../../../PCG/Pipeline/PCGPipeline.cpp')
  
C:\GIT PROJECTS\MasterRepo\PCG\Pipeline\PCGPipeline.h(51,25): error C2079: 'PCG::GeneratedModule::rotation' uses undefined class 'std::array<float,4>' [C:\GIT PROJECTS\MasterRepo\Builds\Debug\PCG\PCGLib.vcxproj]
  (compiling source file '../../../PCG/Pipeline/PCGPipeline.cpp')
  
  AnalyticsDashboard.cpp
  Spawn.cpp
  Platform.cpp
  ContentBrowser.cpp
C:\GIT PROJECTS\MasterRepo\PCG\Pipeline\PCGPipeline.cpp(44,18): error C2440: '=': cannot convert from 'initializer list' to 'int' [C:\GIT PROJECTS\MasterRepo\Builds\Debug\PCG\PCGLib.vcxproj]
      C:\GIT PROJECTS\MasterRepo\PCG\Pipeline\PCGPipeline.cpp(44,18):
      The initializer contains too many elements
  
C:\GIT PROJECTS\MasterRepo\PCG\Pipeline\PCGPipeline.cpp(49,18): error C2440: '=': cannot convert from 'initializer list' to 'int' [C:\GIT PROJECTS\MasterRepo\Builds\Debug\PCG\PCGLib.vcxproj]
      C:\GIT PROJECTS\MasterRepo\PCG\Pipeline\PCGPipeline.cpp(49,18):
      The initializer contains too many elements
  
  Generating Code...
  PromptLibrary.cpp
  SaveLoad.cpp
  VersionSystem.cpp
  SimulationPlayback.cpp
  Sandbox.cpp
  DockingSystem.cpp
  Renderer.cpp
  ArchiveLearning.cpp
  DocGenerator.cpp
C:\Program Files\Microsoft Visual Studio\2022\Community\VC\Tools\MSVC\14.38.33130\include\utility(466,10): error C2079: 'std::pair<const uint32_t,std::array<float,3>>::second' uses undefined class 'std::array<float,3>' [C:\GIT PROJECTS\MasterRepo\Builds\Debug\Tools\ToolsLib.vcxproj]
  (compiling source file '../../../Tools/SimulationPlayback/SimulationPlayback.cpp')
      C:\Program Files\Microsoft Visual Studio\2022\Community\VC\Tools\MSVC\14.38.33130\include\utility(466,10):
      the template instantiation context (the oldest one first) is
          C:\GIT PROJECTS\MasterRepo\Tools\SimulationPlayback\SimulationPlayback.h(20,55):
          see reference to class template instantiation 'std::unordered_map<uint32_t,std::array<float,3>,std::hash<uint32_t>,std::equal_to<uint32_t>,std::allocator<std::pair<const uint32_t,std::array<float,3>>>>' being compiled
          C:\Program Files\Microsoft Visual Studio\2022\Community\VC\Tools\MSVC\14.38.33130\include\unordered_map(66,30):
          see reference to class template instantiation 'std::_Hash<std::_Umap_traits<_Kty,_Ty,std::_Uhash_compare<_Kty,_Hasher,_Keyeq>,_Alloc,false>>' being compiled
          with
          [
              _Kty=uint32_t,
              _Ty=std::array<float,3>,
              _Hasher=std::hash<uint32_t>,
              _Keyeq=std::equal_to<uint32_t>,
              _Alloc=std::allocator<std::pair<const uint32_t,std::array<float,3>>>
          ]
          C:\Program Files\Microsoft Visual Studio\2022\Community\VC\Tools\MSVC\14.38.33130\include\xhash(1992,24):
          see reference to class template instantiation 'std::_Hash_vec<std::allocator<std::_List_unchecked_iterator<std::_List_val<std::_List_simple_types<_Ty>>>>>' being compiled
          with
          [
              _Ty=std::pair<const uint32_t,std::array<float,3>>
          ]
          C:\Program Files\Microsoft Visual Studio\2022\Community\VC\Tools\MSVC\14.38.33130\include\xhash(308,10):
          while compiling class template member function 'void std::_Hash_vec<std::allocator<std::_List_unchecked_iterator<std::_List_val<std::_List_simple_types<_Ty>>>>>::_Tidy(void) noexcept'
          with
          [
              _Ty=std::pair<const uint32_t,std::array<float,3>>
          ]
              C:\Program Files\Microsoft Visual Studio\2022\Community\VC\Tools\MSVC\14.38.33130\include\xhash(319,14):
              see the first reference to 'std::_Hash_vec<std::allocator<std::_List_unchecked_iterator<std::_List_val<std::_List_simple_types<_Ty>>>>>::_Tidy' in 'std::_Hash_vec<std::allocator<std::_List_unchecked_iterator<std::_List_val<std::_List_simple_types<_Ty>>>>>::~_Hash_vec'
          with
          [
              _Ty=std::pair<const uint32_t,std::array<float,3>>
          ]
              C:\Program Files\Microsoft Visual Studio\2022\Community\VC\Tools\MSVC\14.38.33130\include\xhash(1997,1):
              see the first reference to 'std::_Hash_vec<std::allocator<std::_List_unchecked_iterator<std::_List_val<std::_List_simple_types<_Ty>>>>>::~_Hash_vec' in 'std::_Hash<std::_Umap_traits<_Kty,_Ty,std::_Uhash_compare<_Kty,_Hasher,_Keyeq>,_Alloc,false>>::~_Hash'
          with
          [
              _Ty=std::pair<const uint32_t,std::array<float,3>>
          ]
          and
          [
              _Kty=uint32_t,
              _Ty=std::array<float,3>,
              _Hasher=std::hash<uint32_t>,
              _Keyeq=std::equal_to<uint32_t>,
              _Alloc=std::allocator<std::pair<const uint32_t,std::array<float,3>>>
          ]
          C:\Program Files\Microsoft Visual Studio\2022\Community\VC\Tools\MSVC\14.38.33130\include\xhash(310,13):
          see reference to class template instantiation 'std::pair<const uint32_t,std::array<float,3>>' being compiled
  
  HUD.cpp
  RenderPipeline.cpp
  HotReload.cpp
  GizmoSystem.cpp
  BuilderRuntime.cpp
  Generating Code...
  ViewportPanel.cpp
  Collision.cpp
  ConsolePanel.cpp
  PrefabSystem.cpp
  AssetLearning.cpp
  CodeAudit.cpp
  EditorModes.cpp
  CrashReport.cpp
  NodeEditor.cpp
  Generating Code...
  EditorLayout.cpp
  RuntimeLib.vcxproj -> C:\GIT PROJECTS\MasterRepo\Builds\Debug\lib\Debug\RuntimeLib.lib
  TrainingPipeline.cpp
  OverlaySystem.cpp
  Database.cpp
  AdminConsole.cpp
  BuilderEditor.cpp
  MaterialEditor.cpp
  ModelCatalog.cpp
  LocalCIPipeline.cpp
  CodeScaffolder.cpp
  PCGEditor.cpp
  PackageManager.cpp
C:\GIT PROJECTS\MasterRepo\Core\LocalCIPipeline\LocalCIPipeline.cpp(99,18): error C3861: 'popen': identifier not found [C:\GIT PROJECTS\MasterRepo\Builds\Debug\Core\CoreLib.vcxproj]
  ProfilerPanel.cpp
C:\GIT PROJECTS\MasterRepo\Core\LocalCIPipeline\LocalCIPipeline.cpp(105,27): error C3861: 'pclose': identifier not found [C:\GIT PROJECTS\MasterRepo\Builds\Debug\Core\CoreLib.vcxproj]
  TestGen.cpp
  ErrorPanel.cpp
  TestPipeline.cpp
  NetworkProtocolGen.cpp
  GUIEditor.cpp
C:\GIT PROJECTS\MasterRepo\Tools\TestPipeline\TestPipeline.cpp(86,18): error C3861: 'popen': identifier not found [C:\GIT PROJECTS\MasterRepo\Builds\Debug\Tools\ToolsLib.vcxproj]
C:\GIT PROJECTS\MasterRepo\Tools\TestPipeline\TestPipeline.cpp(90,16): error C3861: 'pclose': identifier not found [C:\GIT PROJECTS\MasterRepo\Builds\Debug\Tools\ToolsLib.vcxproj]
  MetricsReporter.cpp
  JobSystem.cpp
  ContextHelp.cpp
  WorkspaceState.cpp
  VRPreview.cpp
  CodeIntelligence.cpp
  RegressionTest.cpp
  Generating Code...
  Generating Code...
  Compiling...
  PluginMarketplace.cpp
C:\GIT PROJECTS\MasterRepo\AI\RegressionTest\RegressionTest.cpp(102,18): error C3861: 'popen': identifier not found [C:\GIT PROJECTS\MasterRepo\Builds\Debug\AI\AILib.vcxproj]
C:\GIT PROJECTS\MasterRepo\AI\RegressionTest\RegressionTest.cpp(106,24): error C3861: 'pclose': identifier not found [C:\GIT PROJECTS\MasterRepo\Builds\Debug\AI\AILib.vcxproj]
  BugTriage.cpp
  Generating Code...
  Generating Code...
  EditorLib.vcxproj -> C:\GIT PROJECTS\MasterRepo\Builds\Debug\lib\Debug\EditorLib.lib
  Tutorial.cpp
  MetaLearning.cpp
  Generating Code...
  Compiling...
  RenderingOptimizer.cpp
  Validator.cpp
C:\GIT PROJECTS\MasterRepo\AI\Validator\Validator.cpp(77,18): error C3861: 'popen': identifier not found [C:\GIT PROJECTS\MasterRepo\Builds\Debug\AI\AILib.vcxproj]
C:\GIT PROJECTS\MasterRepo\AI\Validator\Validator.cpp(84,16): error C3861: 'pclose': identifier not found [C:\GIT PROJECTS\MasterRepo\Builds\Debug\AI\AILib.vcxproj]
  Orchestrator.cpp
  RulesEngine.cpp
  MetricsDashboard.cpp
  Generating Code...
[0;31m[build_all ERROR][0m ❌ Debug FAILED. Log: /c/GIT PROJECTS/MasterRepo/Logs/Build/debug_20260321_072254.log

[0;36m[1m── Release (Release) ──[0m

[0;32m[build_all][0m CMake configure → /c/GIT PROJECTS/MasterRepo/Builds/release
-- Selecting Windows SDK version 10.0.26100.0 to target Windows 10.0.19045.
--   VersionLib configured
--   UILib configured
--   EditorLib configured with C:/GIT PROJECTS/MasterRepo/Editor
--   PCGLib configured with C:/GIT PROJECTS/MasterRepo/PCG
--   IDELib configured with C:/GIT PROJECTS/MasterRepo/IDE
--   ToolsLib configured with C:/GIT PROJECTS/MasterRepo/Tools
--   NovaForge game configured
-- 
-- === MasterRepo v0.1.0 ===
--   Build type:    Release
--   Editor:        ON
--   Runtime:       ON
--   AI:            ON
--   Tools:         ON
--   Tests:         OFF
-- 
-- Configuring done (0.0s)
-- Generating done (0.5s)
-- Build files have been written to: C:/GIT PROJECTS/MasterRepo/Builds/Release
[0;32m[build_all][0m CMake build → /c/GIT PROJECTS/MasterRepo/Builds/release
MSBuild version 17.14.40+3e7442088 for .NET Framework

  1>Checking Build System
  Building Custom Rule C:/GIT PROJECTS/MasterRepo/AI/CMakeLists.txt
  Building Custom Rule C:/GIT PROJECTS/MasterRepo/Engine/CMakeLists.txt
  Building Custom Rule C:/GIT PROJECTS/MasterRepo/Core/CMakeLists.txt
  Building Custom Rule C:/GIT PROJECTS/MasterRepo/Builder/CMakeLists.txt
  Building Custom Rule C:/GIT PROJECTS/MasterRepo/IDE/CMakeLists.txt
  Building Custom Rule C:/GIT PROJECTS/MasterRepo/Runtime/CMakeLists.txt
  Building Custom Rule C:/GIT PROJECTS/MasterRepo/UI/CMakeLists.txt
  Building Custom Rule C:/GIT PROJECTS/MasterRepo/PCG/CMakeLists.txt
  CodeEditor.cpp
  EventBus.cpp
  PartDef.cpp
  Building Custom Rule C:/GIT PROJECTS/MasterRepo/Tools/CMakeLists.txt
  ECS.cpp
  PCGRule.cpp
  LLMBackend.cpp
  Building Custom Rule C:/GIT PROJECTS/MasterRepo/Versions/CMakeLists.txt
  Widget.cpp
  VersionManager.cpp
  AssetImporter.cpp
  System.cpp
  Theme.cpp
  ModelManager.cpp
  MessageBus.cpp
  ModuleDef.cpp
  Engine.cpp
  AIChat.cpp
  MeshNode.cpp
  BuildQueue.cpp
  DeltaEditStore.cpp
  Layout.cpp
  ProjectContext.cpp
  Assembly.cpp
  Logger.cpp
  IDEConsole.cpp
  UIAnimation.cpp
  LODGraph.cpp
  SnapRules.cpp
  MemoryStore.cpp
  RuntimeBootstrap.cpp
  HeightField.cpp
  AssetProcessor.cpp
  CollisionShape.cpp
  TypeInfo.cpp
  Localization.cpp
  CubeSphereLayout.cpp
  WorldNode.cpp
  Debugger.cpp
  InputManager.cpp
  Serializer.cpp
  VoxelGridLayout.cpp
  PhysicsData.cpp
  LSPClient.cpp
  PhysicsWorld.cpp
  SceneManager.cpp
  EmbeddingEngine.cpp
  PartDamage.cpp
  TextureNode.cpp
  Accessibility.cpp
  BuildAutomation.cpp
  Camera.cpp
  GUISystem.cpp
  BuildAuditLog.cpp
  TaskSystem.cpp
  VersionLib.vcxproj -> C:\GIT PROJECTS\MasterRepo\Builds\Release\lib\Release\VersionLib.lib
  Systems.cpp
  AudioEngine.cpp
  AudioGenerator.cpp
  NLAssistant.cpp
  AgentScheduler.cpp
  Generating Code...
  AudioPipeline.cpp
  Generating Code...
  PlayerController.cpp
  CommandSystem.cpp
  QuestGenerator.cpp
  InteractiveDocs.cpp
  Inventory.cpp
  ServerManager.cpp
  AnimationGraph.cpp
  ErrorLearning.cpp
  GameStateManager.cpp
  Equipment.cpp
  PCGValidator.cpp
  ResourceManager.cpp
  AnimationNodes.cpp
  Crafting.cpp
C:\GIT PROJECTS\MasterRepo\IDE\InteractiveDocs\InteractiveDocs.cpp(159,22): error C3861: 'popen': identifier not found [C:\GIT PROJECTS\MasterRepo\Builds\Release\IDE\IDELib.vcxproj]
C:\GIT PROJECTS\MasterRepo\IDE\InteractiveDocs\InteractiveDocs.cpp(164,13): error C3861: 'pclose': identifier not found [C:\GIT PROJECTS\MasterRepo\Builds\Release\IDE\IDELib.vcxproj]
  Generating Code...
  AnimationPipeline.cpp
  PluginSystem.cpp
  Damage.cpp
  ReplayTimeline.cpp
  NoiseGenerator.cpp
  CodeLearning.cpp
  Spawn.cpp
  ArchiveSystem.cpp
C:\Program Files\Microsoft Visual Studio\2022\Community\VC\Tools\MSVC\14.38.33130\include\xutility(241,54): error C2280: 'std::unique_ptr<Engine::Animation::ProceduralLayer,std::default_delete<Engine::Animation::ProceduralLayer>>::unique_ptr(const std::unique_ptr<Engine::Animation::ProceduralLayer,std::default_delete<Engine::Animation::ProceduralLayer>> &)': attempting to reference a deleted function [C:\GIT PROJECTS\MasterRepo\Builds\Release\Engine\AtlasEngine.vcxproj]
  (compiling source file '../../../Engine/Animation/AnimationPipeline.cpp')
      C:\Program Files\Microsoft Visual Studio\2022\Community\VC\Tools\MSVC\14.38.33130\include\memory(3319,5):
      see declaration of 'std::unique_ptr<Engine::Animation::ProceduralLayer,std::default_delete<Engine::Animation::ProceduralLayer>>::unique_ptr'
      C:\Program Files\Microsoft Visual Studio\2022\Community\VC\Tools\MSVC\14.38.33130\include\memory(3319,5):
      'std::unique_ptr<Engine::Animation::ProceduralLayer,std::default_delete<Engine::Animation::ProceduralLayer>>::unique_ptr(const std::unique_ptr<Engine::Animation::ProceduralLayer,std::default_delete<Engine::Animation::ProceduralLayer>> &)': function was explicitly deleted
      C:\Program Files\Microsoft Visual Studio\2022\Community\VC\Tools\MSVC\14.38.33130\include\xutility(241,54):
      the template instantiation context (the oldest one first) is
          C:\GIT PROJECTS\MasterRepo\Engine\Animation\AnimationPipeline.h(231,55):
          see reference to class template instantiation 'std::vector<std::unique_ptr<Engine::Animation::ProceduralLayer,std::default_delete<Engine::Animation::ProceduralLayer>>,std::allocator<std::unique_ptr<Engine::Animation::ProceduralLayer,std::default_delete<Engine::Animation::ProceduralLayer>>>>' being compiled
          C:\Program Files\Microsoft Visual Studio\2022\Community\VC\Tools\MSVC\14.38.33130\include\vector(680,5):
          while compiling class template member function 'std::vector<std::unique_ptr<Engine::Animation::ProceduralLayer,std::default_delete<Engine::Animation::ProceduralLayer>>,std::allocator<std::unique_ptr<Engine::Animation::ProceduralLayer,std::default_delete<Engine::Animation::ProceduralLayer>>>>::vector(const std::vector<std::unique_ptr<Engine::Animation::ProceduralLayer,std::default_delete<Engine::Animation::ProceduralLayer>>,std::allocator<std::unique_ptr<Engine::Animation::ProceduralLayer,std::default_delete<Engine::Animation::ProceduralLayer>>>> &)'
              C:\GIT PROJECTS\MasterRepo\Engine\Animation\AnimationPipeline.h(240,5):
              see the first reference to 'std::vector<std::unique_ptr<Engine::Animation::ProceduralLayer,std::default_delete<Engine::Animation::ProceduralLayer>>,std::allocator<std::unique_ptr<Engine::Animation::ProceduralLayer,std::default_delete<Engine::Animation::ProceduralLayer>>>>::vector' in 'Engine::Animation::AnimationPipeline::SkeletonState::SkeletonState'
          C:\Program Files\Microsoft Visual Studio\2022\Community\VC\Tools\MSVC\14.38.33130\include\vector(684,9):
          see reference to function template instantiation 'void std::vector<std::unique_ptr<Engine::Animation::ProceduralLayer,std::default_delete<Engine::Animation::ProceduralLayer>>,std::allocator<std::unique_ptr<Engine::Animation::ProceduralLayer,std::default_delete<Engine::Animation::ProceduralLayer>>>>::_Construct_n<std::unique_ptr<Engine::Animation::ProceduralLayer,std::default_delete<Engine::Animation::ProceduralLayer>>*const &,std::unique_ptr<Engine::Animation::ProceduralLayer,std::default_delete<Engine::Animation::ProceduralLayer>>*const &>(const unsigned __int64,std::unique_ptr<Engine::Animation::ProceduralLayer,std::default_delete<Engine::Animation::ProceduralLayer>> *const &,std::unique_ptr<Engine::Animation::ProceduralLayer,std::default_delete<Engine::Animation::ProceduralLayer>> *const &)' being compiled
          C:\Program Files\Microsoft Visual Studio\2022\Community\VC\Tools\MSVC\14.38.33130\include\vector(2082,36):
          see reference to function template instantiation 'std::unique_ptr<Engine::Animation::ProceduralLayer,std::default_delete<Engine::Animation::ProceduralLayer>> *std::_Uninitialized_copy<std::unique_ptr<Engine::Animation::ProceduralLayer,std::default_delete<Engine::Animation::ProceduralLayer>>*,std::unique_ptr<Engine::Animation::ProceduralLayer,std::default_delete<Engine::Animation::ProceduralLayer>>*,std::allocator<std::unique_ptr<Engine::Animation::ProceduralLayer,std::default_delete<Engine::Animation::ProceduralLayer>>>>(_InIt,_Se,std::unique_ptr<Engine::Animation::ProceduralLayer,std::default_delete<Engine::Animation::ProceduralLayer>> *,_Alloc &)' being compiled
          with
          [
              _InIt=std::unique_ptr<Engine::Animation::ProceduralLayer,std::default_delete<Engine::Animation::ProceduralLayer>> *,
              _Se=std::unique_ptr<Engine::Animation::ProceduralLayer,std::default_delete<Engine::Animation::ProceduralLayer>> *,
              _Alloc=std::allocator<std::unique_ptr<Engine::Animation::ProceduralLayer,std::default_delete<Engine::Animation::ProceduralLayer>>>
          ]
          C:\Program Files\Microsoft Visual Studio\2022\Community\VC\Tools\MSVC\14.38.33130\include\xmemory(1855,17):
          see reference to function template instantiation 'void std::_Uninitialized_backout_al<std::allocator<std::unique_ptr<Engine::Animation::ProceduralLayer,std::default_delete<Engine::Animation::ProceduralLayer>>>>::_Emplace_back<std::unique_ptr<Engine::Animation::ProceduralLayer,std::default_delete<Engine::Animation::ProceduralLayer>>&>(std::unique_ptr<Engine::Animation::ProceduralLayer,std::default_delete<Engine::Animation::ProceduralLayer>> &)' being compiled
          C:\Program Files\Microsoft Visual Studio\2022\Community\VC\Tools\MSVC\14.38.33130\include\xmemory(1801,35):
          see reference to function template instantiation 'void std::_Default_allocator_traits<_Alloc>::construct<_Ty,std::unique_ptr<Engine::Animation::ProceduralLayer,std::default_delete<Engine::Animation::ProceduralLayer>>&>(_Alloc &,_Objty *const ,std::unique_ptr<Engine::Animation::ProceduralLayer,std::default_delete<Engine::Animation::ProceduralLayer>> &)' being compiled
          with
          [
              _Alloc=std::allocator<std::unique_ptr<Engine::Animation::ProceduralLayer,std::default_delete<Engine::Animation::ProceduralLayer>>>,
              _Ty=std::unique_ptr<Engine::Animation::ProceduralLayer,std::default_delete<Engine::Animation::ProceduralLayer>>,
              _Objty=std::unique_ptr<Engine::Animation::ProceduralLayer,std::default_delete<Engine::Animation::ProceduralLayer>>
          ]
          C:\Program Files\Microsoft Visual Studio\2022\Community\VC\Tools\MSVC\14.38.33130\include\xmemory(721,14):
          see reference to function template instantiation '_Ty *std::construct_at<_Objty,std::unique_ptr<Engine::Animation::ProceduralLayer,std::default_delete<Engine::Animation::ProceduralLayer>>&,0x0>(_Ty *const ,std::unique_ptr<Engine::Animation::ProceduralLayer,std::default_delete<Engine::Animation::ProceduralLayer>> &) noexcept(<expr>)' being compiled
          with
          [
              _Ty=std::unique_ptr<Engine::Animation::ProceduralLayer,std::default_delete<Engine::Animation::ProceduralLayer>>,
              _Objty=std::unique_ptr<Engine::Animation::ProceduralLayer,std::default_delete<Engine::Animation::ProceduralLayer>>
          ]
  
  TickScheduler.cpp
  GitPanel.cpp
  Window.cpp
  PCGPipeline.cpp
  UILib.vcxproj -> C:\GIT PROJECTS\MasterRepo\Builds\Release\lib\Release\UILib.lib
  SaveLoad.cpp
  BuilderLib.vcxproj -> C:\GIT PROJECTS\MasterRepo\Builds\Release\lib\Release\BuilderLib.lib
  Platform.cpp
  Building Custom Rule C:/GIT PROJECTS/MasterRepo/Editor/CMakeLists.txt
C:\GIT PROJECTS\MasterRepo\PCG\Pipeline\PCGPipeline.h(50,25): error C2079: 'PCG::GeneratedModule::position' uses undefined class 'std::array<float,3>' [C:\GIT PROJECTS\MasterRepo\Builds\Release\PCG\PCGLib.vcxproj]
  AnalyticsDashboard.cpp
  (compiling source file '../../../PCG/Pipeline/PCGPipeline.cpp')
  
C:\GIT PROJECTS\MasterRepo\PCG\Pipeline\PCGPipeline.h(51,25): error C2079: 'PCG::GeneratedModule::rotation' uses undefined class 'std::array<float,4>' [C:\GIT PROJECTS\MasterRepo\Builds\Release\PCG\PCGLib.vcxproj]
  (compiling source file '../../../PCG/Pipeline/PCGPipeline.cpp')
  
  EditorCommandBus.cpp
  PromptLibrary.cpp
  VersionSystem.cpp
C:\GIT PROJECTS\MasterRepo\PCG\Pipeline\PCGPipeline.cpp(44,18): error C2440: '=': cannot convert from 'initializer list' to 'int' [C:\GIT PROJECTS\MasterRepo\Builds\Release\PCG\PCGLib.vcxproj]
      C:\GIT PROJECTS\MasterRepo\PCG\Pipeline\PCGPipeline.cpp(44,18):
      The initializer contains too many elements
  
  LayerTagSystem.cpp
C:\GIT PROJECTS\MasterRepo\PCG\Pipeline\PCGPipeline.cpp(49,18): error C2440: '=': cannot convert from 'initializer list' to 'int' [C:\GIT PROJECTS\MasterRepo\Builds\Release\PCG\PCGLib.vcxproj]
      C:\GIT PROJECTS\MasterRepo\PCG\Pipeline\PCGPipeline.cpp(49,18):
      The initializer contains too many elements
  
  Generating Code...
  InspectorTools.cpp
  HUD.cpp
  Sandbox.cpp
  SimulationPlayback.cpp
  ContentBrowser.cpp
  BuilderRuntime.cpp
  Renderer.cpp
  ArchiveLearning.cpp
C:\Program Files\Microsoft Visual Studio\2022\Community\VC\Tools\MSVC\14.38.33130\include\utility(466,10): error C2079: 'std::pair<const uint32_t,std::array<float,3>>::second' uses undefined class 'std::array<float,3>' [C:\GIT PROJECTS\MasterRepo\Builds\Release\Tools\ToolsLib.vcxproj]
  (compiling source file '../../../Tools/SimulationPlayback/SimulationPlayback.cpp')
      C:\Program Files\Microsoft Visual Studio\2022\Community\VC\Tools\MSVC\14.38.33130\include\utility(466,10):
      the template instantiation context (the oldest one first) is
          C:\GIT PROJECTS\MasterRepo\Tools\SimulationPlayback\SimulationPlayback.h(20,55):
          see reference to class template instantiation 'std::unordered_map<uint32_t,std::array<float,3>,std::hash<uint32_t>,std::equal_to<uint32_t>,std::allocator<std::pair<const uint32_t,std::array<float,3>>>>' being compiled
          C:\Program Files\Microsoft Visual Studio\2022\Community\VC\Tools\MSVC\14.38.33130\include\unordered_map(66,30):
          see reference to class template instantiation 'std::_Hash<std::_Umap_traits<_Kty,_Ty,std::_Uhash_compare<_Kty,_Hasher,_Keyeq>,_Alloc,false>>' being compiled
          with
          [
              _Kty=uint32_t,
              _Ty=std::array<float,3>,
              _Hasher=std::hash<uint32_t>,
              _Keyeq=std::equal_to<uint32_t>,
              _Alloc=std::allocator<std::pair<const uint32_t,std::array<float,3>>>
          ]
          C:\Program Files\Microsoft Visual Studio\2022\Community\VC\Tools\MSVC\14.38.33130\include\xhash(1992,24):
          see reference to class template instantiation 'std::_Hash_vec<std::allocator<std::_List_unchecked_iterator<std::_List_val<std::_List_simple_types<_Ty>>>>>' being compiled
          with
          [
              _Ty=std::pair<const uint32_t,std::array<float,3>>
          ]
          C:\Program Files\Microsoft Visual Studio\2022\Community\VC\Tools\MSVC\14.38.33130\include\xhash(308,10):
          while compiling class template member function 'void std::_Hash_vec<std::allocator<std::_List_unchecked_iterator<std::_List_val<std::_List_simple_types<_Ty>>>>>::_Tidy(void) noexcept'
          with
          [
              _Ty=std::pair<const uint32_t,std::array<float,3>>
          ]
              C:\Program Files\Microsoft Visual Studio\2022\Community\VC\Tools\MSVC\14.38.33130\include\xhash(319,14):
              see the first reference to 'std::_Hash_vec<std::allocator<std::_List_unchecked_iterator<std::_List_val<std::_List_simple_types<_Ty>>>>>::_Tidy' in 'std::_Hash_vec<std::allocator<std::_List_unchecked_iterator<std::_List_val<std::_List_simple_types<_Ty>>>>>::~_Hash_vec'
          with
          [
              _Ty=std::pair<const uint32_t,std::array<float,3>>
          ]
              C:\Program Files\Microsoft Visual Studio\2022\Community\VC\Tools\MSVC\14.38.33130\include\xhash(1997,1):
              see the first reference to 'std::_Hash_vec<std::allocator<std::_List_unchecked_iterator<std::_List_val<std::_List_simple_types<_Ty>>>>>::~_Hash_vec' in 'std::_Hash<std::_Umap_traits<_Kty,_Ty,std::_Uhash_compare<_Kty,_Hasher,_Keyeq>,_Alloc,false>>::~_Hash'
          with
          [
              _Ty=std::pair<const uint32_t,std::array<float,3>>
          ]
          and
          [
              _Kty=uint32_t,
              _Ty=std::array<float,3>,
              _Hasher=std::hash<uint32_t>,
              _Keyeq=std::equal_to<uint32_t>,
              _Alloc=std::allocator<std::pair<const uint32_t,std::array<float,3>>>
          ]
          C:\Program Files\Microsoft Visual Studio\2022\Community\VC\Tools\MSVC\14.38.33130\include\xhash(310,13):
          see reference to class template instantiation 'std::pair<const uint32_t,std::array<float,3>>' being compiled
  
  DocGenerator.cpp
  HotReload.cpp
  RenderPipeline.cpp
  Collision.cpp
  PrefabSystem.cpp
  Generating Code...
  DockingSystem.cpp
  Generating Code...
  CrashReport.cpp
  GizmoSystem.cpp
  CodeAudit.cpp
  AssetLearning.cpp
  ViewportPanel.cpp
  ConsolePanel.cpp
  EditorModes.cpp
  Database.cpp
  NodeEditor.cpp
  TrainingPipeline.cpp
  AdminConsole.cpp
  EditorLayout.cpp
  RuntimeLib.vcxproj -> C:\GIT PROJECTS\MasterRepo\Builds\Release\lib\Release\RuntimeLib.lib
  LocalCIPipeline.cpp
  OverlaySystem.cpp
  ModelCatalog.cpp
  BuilderEditor.cpp
  CodeScaffolder.cpp
  MaterialEditor.cpp
  PackageManager.cpp
C:\GIT PROJECTS\MasterRepo\Core\LocalCIPipeline\LocalCIPipeline.cpp(99,18): error C3861: 'popen': identifier not found [C:\GIT PROJECTS\MasterRepo\Builds\Release\Core\CoreLib.vcxproj]
C:\GIT PROJECTS\MasterRepo\Core\LocalCIPipeline\LocalCIPipeline.cpp(105,27): error C3861: 'pclose': identifier not found [C:\GIT PROJECTS\MasterRepo\Builds\Release\Core\CoreLib.vcxproj]
  PCGEditor.cpp
  NetworkProtocolGen.cpp
  TestGen.cpp
  TestPipeline.cpp
  ProfilerPanel.cpp
  JobSystem.cpp
  ErrorPanel.cpp
C:\GIT PROJECTS\MasterRepo\Tools\TestPipeline\TestPipeline.cpp(86,18): error C3861: 'popen': identifier not found [C:\GIT PROJECTS\MasterRepo\Builds\Release\Tools\ToolsLib.vcxproj]
C:\GIT PROJECTS\MasterRepo\Tools\TestPipeline\TestPipeline.cpp(90,16): error C3861: 'pclose': identifier not found [C:\GIT PROJECTS\MasterRepo\Builds\Release\Tools\ToolsLib.vcxproj]
  MetricsReporter.cpp
  ContextHelp.cpp
  CodeIntelligence.cpp
  GUIEditor.cpp
  WorkspaceState.cpp
  RegressionTest.cpp
  Generating Code...
  VRPreview.cpp
  Generating Code...
  BugTriage.cpp
C:\GIT PROJECTS\MasterRepo\AI\RegressionTest\RegressionTest.cpp(102,18): error C3861: 'popen': identifier not found [C:\GIT PROJECTS\MasterRepo\Builds\Release\AI\AILib.vcxproj]
C:\GIT PROJECTS\MasterRepo\AI\RegressionTest\RegressionTest.cpp(106,24): error C3861: 'pclose': identifier not found [C:\GIT PROJECTS\MasterRepo\Builds\Release\AI\AILib.vcxproj]
  Generating Code...
  Tutorial.cpp
  MetaLearning.cpp
  Compiling...
  PluginMarketplace.cpp
  Generating Code...
  Generating Code...
  EditorLib.vcxproj -> C:\GIT PROJECTS\MasterRepo\Builds\Release\lib\Release\EditorLib.lib
  Compiling...
  RenderingOptimizer.cpp
  Validator.cpp
C:\GIT PROJECTS\MasterRepo\AI\Validator\Validator.cpp(77,18): error C3861: 'popen': identifier not found [C:\GIT PROJECTS\MasterRepo\Builds\Release\AI\AILib.vcxproj]
C:\GIT PROJECTS\MasterRepo\AI\Validator\Validator.cpp(84,16): error C3861: 'pclose': identifier not found [C:\GIT PROJECTS\MasterRepo\Builds\Release\AI\AILib.vcxproj]
  Orchestrator.cpp
  RulesEngine.cpp
  MetricsDashboard.cpp
  Generating Code...
[0;31m[build_all ERROR][0m ❌ Release FAILED. Log: /c/GIT PROJECTS/MasterRepo/Logs/Build/release_20260321_072254.log

[0;36m[1m── Build Summary ──[0m

# MasterRepo — Build All Report

**Date:**      2026-03-21 07:24:17
**Elapsed:**   83s
**Repo:**      /c/GIT PROJECTS/MasterRepo
**Jobs:**      8

## Results

| Configuration | Result |
|---------------|--------|
| Debug | ❌ Fail |
| Release | ❌ Fail |

## Binaries


## Log Files

- Full log: `/c/GIT PROJECTS/MasterRepo/Logs/Build/build_all_20260321_072254.log`
- Report:   `/c/GIT PROJECTS/MasterRepo/Logs/Build/build_all_20260321_072254_report.md`
[0;31m[build_all ERROR][0m Build had failures. Check the log above.
