
[0;36m[1m── MasterRepo — Build All  [20260321_105604] ──[0m

[0;32m[build_all][0m Repo root : /c/GIT PROJECTS/MasterRepo
[0;32m[build_all][0m Debug dir : /c/GIT PROJECTS/MasterRepo/Builds/debug
[0;32m[build_all][0m Release dir: /c/GIT PROJECTS/MasterRepo/Builds/release
[0;32m[build_all][0m Log file  : /c/GIT PROJECTS/MasterRepo/Logs/Build/build_all_20260321_105604.log
[0;32m[build_all][0m Jobs      : 8

[0;36m[1m── Environment ──[0m

[0;32m[build_all][0m   cmake: cmake version 4.2.3
[1;33m[build_all][0m   No C++ compiler found in PATH ($CXX / g++ / clang++ / c++ / gcc / cc / cl).
[1;33m[build_all][0m   CMake will attempt its own compiler detection — configure may fail if none is installed.

[0;36m[1m── Debug (Debug) ──[0m

[0;32m[build_all][0m CMake configure → /c/GIT PROJECTS/MasterRepo/Builds/debug
-- Selecting Windows SDK version 10.0.26100.0 to target Windows 10.0.19045.
--   VersionLib configured
--   UILib configured
--   EditorLib configured with C:/GIT PROJECTS/MasterRepo/Editor
--   PCGLib configured with C:/GIT PROJECTS/MasterRepo/PCG
--   IDELib configured with C:/GIT PROJECTS/MasterRepo/IDE
--   ToolsLib configured with C:/GIT PROJECTS/MasterRepo/Tools
--   NovaForge game configured
-- 
-- === MasterRepo v0.1.0 ===
--   Build type:    Debug
--   Editor:        ON
--   Runtime:       ON
--   AI:            ON
--   Tools:         ON
--   Tests:         OFF
-- 
-- Configuring done (0.0s)
-- Generating done (0.3s)
-- Build files have been written to: C:/GIT PROJECTS/MasterRepo/Builds/Debug
[0;32m[build_all][0m CMake build → /c/GIT PROJECTS/MasterRepo/Builds/debug
MSBuild version 17.14.40+3e7442088 for .NET Framework

  RegressionTest.cpp
  PCGLib.vcxproj -> C:\GIT PROJECTS\MasterRepo\Builds\Debug\lib\Debug\PCGLib.lib
  BuilderLib.vcxproj -> C:\GIT PROJECTS\MasterRepo\Builds\Debug\lib\Debug\BuilderLib.lib
  VersionLib.vcxproj -> C:\GIT PROJECTS\MasterRepo\Builds\Debug\lib\Debug\VersionLib.lib
  UILib.vcxproj -> C:\GIT PROJECTS\MasterRepo\Builds\Debug\lib\Debug\UILib.lib
  RuntimeLib.vcxproj -> C:\GIT PROJECTS\MasterRepo\Builds\Debug\lib\Debug\RuntimeLib.lib
  InteractiveDocs.cpp
  AnimationPipeline.cpp
  LocalCIPipeline.cpp
  TestPipeline.cpp
  EditorLib.vcxproj -> C:\GIT PROJECTS\MasterRepo\Builds\Debug\lib\Debug\EditorLib.lib
  AtlasEngine.vcxproj -> C:\GIT PROJECTS\MasterRepo\Builds\Debug\lib\Debug\AtlasEngine.lib
  Validator.cpp
  CoreLib.vcxproj -> C:\GIT PROJECTS\MasterRepo\Builds\Debug\lib\Debug\CoreLib.lib
  NovaForge.vcxproj -> C:\GIT PROJECTS\MasterRepo\Builds\Debug\bin\Debug\NovaForge.exe
  AtlasEditor.vcxproj -> C:\GIT PROJECTS\MasterRepo\Builds\Debug\bin\Debug\AtlasEditor.exe
  ToolsLib.vcxproj -> C:\GIT PROJECTS\MasterRepo\Builds\Debug\lib\Debug\ToolsLib.lib
  IDELib.vcxproj -> C:\GIT PROJECTS\MasterRepo\Builds\Debug\lib\Debug\IDELib.lib
  Generating Code...
  AILib.vcxproj -> C:\GIT PROJECTS\MasterRepo\Builds\Debug\lib\Debug\AILib.lib
  ToolSystem.cpp
C:\GIT PROJECTS\MasterRepo\Agents\CodeAgent\ToolSystem.cpp(120,18): error C3861: 'popen': identifier not found [C:\GIT PROJECTS\MasterRepo\Builds\Debug\Agents\AgentsLib.vcxproj]
C:\GIT PROJECTS\MasterRepo\Agents\CodeAgent\ToolSystem.cpp(125,15): error C3861: 'pclose': identifier not found [C:\GIT PROJECTS\MasterRepo\Builds\Debug\Agents\AgentsLib.vcxproj]
C:\GIT PROJECTS\MasterRepo\Agents\CodeAgent\ToolSystem.cpp(151,18): error C3861: 'popen': identifier not found [C:\GIT PROJECTS\MasterRepo\Builds\Debug\Agents\AgentsLib.vcxproj]
C:\GIT PROJECTS\MasterRepo\Agents\CodeAgent\ToolSystem.cpp(156,15): error C3861: 'pclose': identifier not found [C:\GIT PROJECTS\MasterRepo\Builds\Debug\Agents\AgentsLib.vcxproj]
  BuildAgent.cpp
  SelfBuildAgent.cpp
C:\GIT PROJECTS\MasterRepo\Agents\SelfBuildAgent\SelfBuildAgent.cpp(114,18): error C3861: 'popen': identifier not found [C:\GIT PROJECTS\MasterRepo\Builds\Debug\Agents\AgentsLib.vcxproj]
C:\GIT PROJECTS\MasterRepo\Agents\SelfBuildAgent\SelfBuildAgent.cpp(118,29): error C3861: 'pclose': identifier not found [C:\GIT PROJECTS\MasterRepo\Builds\Debug\Agents\AgentsLib.vcxproj]
C:\GIT PROJECTS\MasterRepo\Agents\SelfBuildAgent\SelfBuildAgent.cpp(130,18): error C3861: 'popen': identifier not found [C:\GIT PROJECTS\MasterRepo\Builds\Debug\Agents\AgentsLib.vcxproj]
C:\GIT PROJECTS\MasterRepo\Agents\SelfBuildAgent\SelfBuildAgent.cpp(134,29): error C3861: 'pclose': identifier not found [C:\GIT PROJECTS\MasterRepo\Builds\Debug\Agents\AgentsLib.vcxproj]
  Generating Code...
[0;31m[build_all ERROR][0m ❌ Debug FAILED. Log: /c/GIT PROJECTS/MasterRepo/Logs/Build/debug_20260321_105604.log

[0;36m[1m── Release (Release) ──[0m

[0;32m[build_all][0m CMake configure → /c/GIT PROJECTS/MasterRepo/Builds/release
-- Selecting Windows SDK version 10.0.26100.0 to target Windows 10.0.19045.
--   VersionLib configured
--   UILib configured
--   EditorLib configured with C:/GIT PROJECTS/MasterRepo/Editor
--   PCGLib configured with C:/GIT PROJECTS/MasterRepo/PCG
--   IDELib configured with C:/GIT PROJECTS/MasterRepo/IDE
--   ToolsLib configured with C:/GIT PROJECTS/MasterRepo/Tools
--   NovaForge game configured
-- 
-- === MasterRepo v0.1.0 ===
--   Build type:    Release
--   Editor:        ON
--   Runtime:       ON
--   AI:            ON
--   Tools:         ON
--   Tests:         OFF
-- 
-- Configuring done (0.0s)
-- Generating done (0.3s)
-- Build files have been written to: C:/GIT PROJECTS/MasterRepo/Builds/Release
[0;32m[build_all][0m CMake build → /c/GIT PROJECTS/MasterRepo/Builds/release
MSBuild version 17.14.40+3e7442088 for .NET Framework

  PCGLib.vcxproj -> C:\GIT PROJECTS\MasterRepo\Builds\Release\lib\Release\PCGLib.lib
  UILib.vcxproj -> C:\GIT PROJECTS\MasterRepo\Builds\Release\lib\Release\UILib.lib
  RuntimeLib.vcxproj -> C:\GIT PROJECTS\MasterRepo\Builds\Release\lib\Release\RuntimeLib.lib
  VersionLib.vcxproj -> C:\GIT PROJECTS\MasterRepo\Builds\Release\lib\Release\VersionLib.lib
  LocalCIPipeline.cpp
  BuilderLib.vcxproj -> C:\GIT PROJECTS\MasterRepo\Builds\Release\lib\Release\BuilderLib.lib
  TestPipeline.cpp
  InteractiveDocs.cpp
  AnimationPipeline.cpp
  RegressionTest.cpp
  EditorLib.vcxproj -> C:\GIT PROJECTS\MasterRepo\Builds\Release\lib\Release\EditorLib.lib
  AtlasEngine.vcxproj -> C:\GIT PROJECTS\MasterRepo\Builds\Release\lib\Release\AtlasEngine.lib
  Validator.cpp
  CoreLib.vcxproj -> C:\GIT PROJECTS\MasterRepo\Builds\Release\lib\Release\CoreLib.lib
  NovaForge.vcxproj -> C:\GIT PROJECTS\MasterRepo\Builds\Release\bin\Release\NovaForge.exe
  AtlasEditor.vcxproj -> C:\GIT PROJECTS\MasterRepo\Builds\Release\bin\Release\AtlasEditor.exe
  ToolsLib.vcxproj -> C:\GIT PROJECTS\MasterRepo\Builds\Release\lib\Release\ToolsLib.lib
  IDELib.vcxproj -> C:\GIT PROJECTS\MasterRepo\Builds\Release\lib\Release\IDELib.lib
  Generating Code...
  AILib.vcxproj -> C:\GIT PROJECTS\MasterRepo\Builds\Release\lib\Release\AILib.lib
  ToolSystem.cpp
C:\GIT PROJECTS\MasterRepo\Agents\CodeAgent\ToolSystem.cpp(120,18): error C3861: 'popen': identifier not found [C:\GIT PROJECTS\MasterRepo\Builds\Release\Agents\AgentsLib.vcxproj]
C:\GIT PROJECTS\MasterRepo\Agents\CodeAgent\ToolSystem.cpp(125,15): error C3861: 'pclose': identifier not found [C:\GIT PROJECTS\MasterRepo\Builds\Release\Agents\AgentsLib.vcxproj]
C:\GIT PROJECTS\MasterRepo\Agents\CodeAgent\ToolSystem.cpp(151,18): error C3861: 'popen': identifier not found [C:\GIT PROJECTS\MasterRepo\Builds\Release\Agents\AgentsLib.vcxproj]
C:\GIT PROJECTS\MasterRepo\Agents\CodeAgent\ToolSystem.cpp(156,15): error C3861: 'pclose': identifier not found [C:\GIT PROJECTS\MasterRepo\Builds\Release\Agents\AgentsLib.vcxproj]
  SelfBuildAgent.cpp
C:\GIT PROJECTS\MasterRepo\Agents\SelfBuildAgent\SelfBuildAgent.cpp(114,18): error C3861: 'popen': identifier not found [C:\GIT PROJECTS\MasterRepo\Builds\Release\Agents\AgentsLib.vcxproj]
C:\GIT PROJECTS\MasterRepo\Agents\SelfBuildAgent\SelfBuildAgent.cpp(118,29): error C3861: 'pclose': identifier not found [C:\GIT PROJECTS\MasterRepo\Builds\Release\Agents\AgentsLib.vcxproj]
C:\GIT PROJECTS\MasterRepo\Agents\SelfBuildAgent\SelfBuildAgent.cpp(130,18): error C3861: 'popen': identifier not found [C:\GIT PROJECTS\MasterRepo\Builds\Release\Agents\AgentsLib.vcxproj]
C:\GIT PROJECTS\MasterRepo\Agents\SelfBuildAgent\SelfBuildAgent.cpp(134,29): error C3861: 'pclose': identifier not found [C:\GIT PROJECTS\MasterRepo\Builds\Release\Agents\AgentsLib.vcxproj]
  Generating Code...
[0;31m[build_all ERROR][0m ❌ Release FAILED. Log: /c/GIT PROJECTS/MasterRepo/Logs/Build/release_20260321_105604.log

[0;36m[1m── Build Summary ──[0m

# MasterRepo — Build All Report

**Date:**      2026-03-21 10:56:22
**Elapsed:**   18s
**Repo:**      /c/GIT PROJECTS/MasterRepo
**Jobs:**      8

## Results

| Configuration | Result |
|---------------|--------|
| Debug | ❌ Fail |
| Release | ❌ Fail |

## Binaries

### Debug
```
Debug/
```
### Release
```
Release/
```

## Log Files

- Full log: `/c/GIT PROJECTS/MasterRepo/Logs/Build/build_all_20260321_105604.log`
- Report:   `/c/GIT PROJECTS/MasterRepo/Logs/Build/build_all_20260321_105604_report.md`
[0;31m[build_all ERROR][0m Build had failures. Check the log above.
